<?xml version="1.0" encoding="UTF-8"?>
<!-- Generated by org.testng.reporters.JUnitXMLReporter -->
<testsuite hostname="Hasan" ignored="8" name="Surefire test" tests="18" failures="0" timestamp="28 Sep 2022 02:58:11 GMT" time="5.891" errors="0">
  <testcase name="@BeforeTest regSetup" time="0.0" classname="com.qa.mypom.test.RegisterTest">
    <failure type="java.lang.NullPointerException">
      <![CDATA[java.lang.NullPointerException
at com.qa.mypom.test.RegisterTest.regSetup(RegisterTest.java:14)
... Removed 29 stack frames]]>
    </failure>
  </testcase> <!-- @BeforeTest regSetup -->
  <testcase name="@BeforeClass accSetup" time="0.0" classname="com.qa.mypom.test.AccountsPageTest">
    <skipped/>
  </testcase> <!-- @BeforeClass accSetup -->
  <testcase name="@BeforeClass productSearchSetup" time="0.0" classname="com.qa.mypom.test.ProductSearchPageTest">
    <skipped/>
  </testcase> <!-- @BeforeClass productSearchSetup -->
  <testcase name="@AfterTest tearDown" time="0.0" classname="com.qa.mypom.base.BaseTest">
    <skipped/>
  </testcase> <!-- @AfterTest tearDown -->
  <testcase name="accHeadersTest" time="0.0" classname="com.qa.mypom.test.AccountsPageTest">
    <skipped/>
  </testcase> <!-- accHeadersTest -->
  <testcase name="accPageTitleTest" time="0.0" classname="com.qa.mypom.test.AccountsPageTest">
    <skipped/>
  </testcase> <!-- accPageTitleTest -->
  <testcase name="isLogoutLinkExist" time="0.0" classname="com.qa.mypom.test.AccountsPageTest">
    <skipped/>
  </testcase> <!-- isLogoutLinkExist -->
  <testcase name="forgotPwdLinkExist" time="0.0" classname="com.qa.mypom.test.LoginPageTest">
    <skipped/>
  </testcase> <!-- forgotPwdLinkExist -->
  <testcase name="loginPageTitleTest" time="0.0" classname="com.qa.mypom.test.LoginPageTest">
    <skipped/>
  </testcase> <!-- loginPageTitleTest -->
  <testcase name="loginPageUrlTest" time="0.0" classname="com.qa.mypom.test.LoginPageTest">
    <skipped/>
  </testcase> <!-- loginPageUrlTest -->
  <testcase name="loginTest" time="0.0" classname="com.qa.mypom.test.LoginPageTest">
    <skipped/>
  </testcase> <!-- loginTest -->
  <testcase name="productDataTest" time="0.0" classname="com.qa.mypom.test.ProductSearchPageTest">
    <skipped/>
  </testcase> <!-- productDataTest -->
  <testcase name="productImagesCountTest" time="0.0" classname="com.qa.mypom.test.ProductSearchPageTest">
    <skipped/>
  </testcase> <!-- productImagesCountTest -->
  <testcase name="productImagesCountTest" time="0.0" classname="com.qa.mypom.test.ProductSearchPageTest">
    <skipped/>
  </testcase> <!-- productImagesCountTest -->
  <testcase name="productImagesCountTest" time="0.0" classname="com.qa.mypom.test.ProductSearchPageTest">
    <skipped/>
  </testcase> <!-- productImagesCountTest -->
  <testcase name="productImagesCountTest" time="0.0" classname="com.qa.mypom.test.ProductSearchPageTest">
    <skipped/>
  </testcase> <!-- productImagesCountTest -->
  <testcase name="productSearchTest" time="0.0" classname="com.qa.mypom.test.ProductSearchPageTest">
    <skipped/>
  </testcase> <!-- productSearchTest -->
  <testcase name="productSearchTest" time="0.0" classname="com.qa.mypom.test.ProductSearchPageTest">
    <skipped/>
  </testcase> <!-- productSearchTest -->
  <testcase name="productSearchTest" time="0.0" classname="com.qa.mypom.test.ProductSearchPageTest">
    <skipped/>
  </testcase> <!-- productSearchTest -->
  <testcase name="userRegiTest" time="0.0" classname="com.qa.mypom.test.RegisterTest">
    <skipped/>
  </testcase> <!-- userRegiTest -->
  <testcase name="userRegiTest" time="0.0" classname="com.qa.mypom.test.RegisterTest">
    <skipped/>
  </testcase> <!-- userRegiTest -->
  <testcase name="userRegiTest" time="0.0" classname="com.qa.mypom.test.RegisterTest">
    <skipped/>
  </testcase> <!-- userRegiTest -->
  <testcase name="@BeforeTest setup" time="0.0" classname="com.qa.mypom.base.BaseTest">
    <ignored/>
  </testcase> <!-- @BeforeTest setup -->
  <testcase name="@BeforeTest setup" time="0.0" classname="com.qa.mypom.base.BaseTest">
    <ignored/>
  </testcase> <!-- @BeforeTest setup -->
  <testcase name="@BeforeTest setup" time="0.0" classname="com.qa.mypom.base.BaseTest">
    <ignored/>
  </testcase> <!-- @BeforeTest setup -->
  <testcase name="@BeforeTest setup" time="0.0" classname="com.qa.mypom.base.BaseTest">
    <ignored/>
  </testcase> <!-- @BeforeTest setup -->
  <testcase name="@AfterTest tearDown" time="0.0" classname="com.qa.mypom.base.BaseTest">
    <ignored/>
  </testcase> <!-- @AfterTest tearDown -->
  <testcase name="@AfterTest tearDown" time="0.0" classname="com.qa.mypom.base.BaseTest">
    <ignored/>
  </testcase> <!-- @AfterTest tearDown -->
  <testcase name="@AfterTest tearDown" time="0.0" classname="com.qa.mypom.base.BaseTest">
    <ignored/>
  </testcase> <!-- @AfterTest tearDown -->
  <testcase name="@AfterTest tearDown" time="0.0" classname="com.qa.mypom.base.BaseTest">
    <ignored/>
  </testcase> <!-- @AfterTest tearDown -->
</testsuite> <!-- Surefire test -->
