<?xml version="1.0" encoding="UTF-8"?>
<!-- Generated by org.testng.reporters.JUnitXMLReporter -->
<testsuite ignored="0" hostname="Hasan" failures="0" tests="3" name="Default test" time="18.458" errors="0" timestamp="26 Sep 2022 22:16:14 GMT">
  <testcase classname="com.qa.mypom.test.RegisterTest" name="userRegiTest" time="2.956"/>
  <testcase classname="com.qa.mypom.test.RegisterTest" name="userRegiTest" time="3.457"/>
  <testcase classname="com.qa.mypom.test.RegisterTest" name="userRegiTest" time="3.407"/>
</testsuite> <!-- Default test -->
