-------------------------------------------------------------------------------
Test set: TestSuite
-------------------------------------------------------------------------------
Tests run: 22, Failures: 1, Errors: 0, Skipped: 21, Time elapsed: 6.396 s <<< FAILURE! - in TestSuite
regSetup(com.qa.mypom.base.BaseTest)  Time elapsed: 6.205 s  <<< FAILURE!
java.lang.NullPointerException

