<?xml version="1.0" encoding="UTF-8"?>
<testsuite xmlns:xsi="http://www.w3.org/2001/XMLSchema-instance" xsi:noNamespaceSchemaLocation="https://maven.apache.org/surefire/maven-surefire-plugin/xsd/surefire-test-report.xsd" name="TestSuite" time="6.396" tests="22" errors="0" skipped="21" failures="1">
  <properties>
[...]
</properties>
  <testcase name="regSetup" classname="com.qa.mypom.base.BaseTest" time="6.205">
    <failure type="java.lang.NullPointerException">java.lang.NullPointerException
</failure>
    <system-out><![CDATA[Running test case on env : prod
browser name : chrome
]]></system-out>
    <system-err><![CDATA[SLF4J: Failed to load class "org.slf4j.impl.StaticLoggerBinder".
SLF4J: Defaulting to no-operation (NOP) logger implementation
SLF4J: See http://www.slf4j.org/codes.html#StaticLoggerBinder for further details.
Starting ChromeDriver 105.0.5195.52 (412c95e518836d8a7d97250d62b29c2ae6a26a85-refs/branch-heads/5195@{#853}) on port 56459
Only local connections are allowed.
Please see https://chromedriver.chromium.org/security-considerations for suggestions on keeping ChromeDriver safe.
ChromeDriver was started successfully.
Sep 27, 2022 10:58:08 PM org.openqa.selenium.remote.ProtocolHandshake createSession
INFO: Detected upstream dialect: W3C
Sep 27, 2022 10:58:08 PM org.openqa.selenium.devtools.CdpVersionFinder findNearestMatch
WARNING: Unable to find an exact match for CDP version 105, so returning the closest version found: 102
Sep 27, 2022 10:58:08 PM org.openqa.selenium.devtools.CdpVersionFinder findNearestMatch
INFO: Found CDP implementation for version 105 of 102
]]></system-err>
  </testcase>
  <testcase name="accSetup" classname="com.qa.mypom.test.AccountsPageTest" time="0">
    <skipped/>
  </testcase>
  <testcase name="accHeadersTest" classname="com.qa.mypom.test.AccountsPageTest" time="0">
    <skipped/>
  </testcase>
  <testcase name="accPageTitleTest" classname="com.qa.mypom.test.AccountsPageTest" time="0">
    <skipped/>
  </testcase>
  <testcase name="isLogoutLinkExist" classname="com.qa.mypom.test.AccountsPageTest" time="0">
    <skipped/>
  </testcase>
  <testcase name="forgotPwdLinkExist" classname="com.qa.mypom.test.LoginPageTest" time="0">
    <skipped/>
  </testcase>
  <testcase name="loginPageTitleTest" classname="com.qa.mypom.test.LoginPageTest" time="0">
    <skipped/>
  </testcase>
  <testcase name="loginPageUrlTest" classname="com.qa.mypom.test.LoginPageTest" time="0">
    <skipped/>
  </testcase>
  <testcase name="loginTest" classname="com.qa.mypom.test.LoginPageTest" time="0">
    <skipped/>
  </testcase>
  <testcase name="productSearchSetup" classname="com.qa.mypom.test.ProductSearchPageTest" time="0">
    <skipped/>
  </testcase>
  <testcase name="productDataTest" classname="com.qa.mypom.test.ProductSearchPageTest" time="0">
    <skipped/>
  </testcase>
  <testcase name="productImagesCountTest" classname="com.qa.mypom.test.ProductSearchPageTest" time="0">
    <skipped/>
  </testcase>
  <testcase name="productImagesCountTest" classname="com.qa.mypom.test.ProductSearchPageTest" time="0">
    <skipped/>
  </testcase>
  <testcase name="productImagesCountTest" classname="com.qa.mypom.test.ProductSearchPageTest" time="0">
    <skipped/>
  </testcase>
  <testcase name="productImagesCountTest" classname="com.qa.mypom.test.ProductSearchPageTest" time="0">
    <skipped/>
  </testcase>
  <testcase name="productSearchTest" classname="com.qa.mypom.test.ProductSearchPageTest" time="0">
    <skipped/>
  </testcase>
  <testcase name="productSearchTest" classname="com.qa.mypom.test.ProductSearchPageTest" time="0">
    <skipped/>
  </testcase>
  <testcase name="productSearchTest" classname="com.qa.mypom.test.ProductSearchPageTest" time="0">
    <skipped/>
  </testcase>
  <testcase name="userRegiTest" classname="com.qa.mypom.test.RegisterTest" time="0">
    <skipped/>
  </testcase>
  <testcase name="userRegiTest" classname="com.qa.mypom.test.RegisterTest" time="0">
    <skipped/>
  </testcase>
  <testcase name="userRegiTest" classname="com.qa.mypom.test.RegisterTest" time="0">
    <skipped/>
  </testcase>
  <testcase name="tearDown" classname="com.qa.mypom.base.BaseTest" time="0">
    <skipped/>
  </testcase>
</testsuite>