<?xml version="1.0" encoding="UTF-8"?>
<testng-results ignored="0" total="15" passed="15" failed="0" skipped="0">
  <reporter-output>
  </reporter-output>
  <suite started-at="2022-09-29T03:58:07Z" name=" My Pom Test Regression Suite" finished-at="2022-09-29T03:58:32Z" duration-ms="24432">
    <groups>
    </groups>
    <test started-at="2022-09-29T03:58:07Z" name="Login Page Test" finished-at="2022-09-29T03:58:18Z" duration-ms="10928">
      <class name="com.qa.mypom.test.LoginPageTest">
        <test-method is-config="true" signature="setup()[pri:0, instance:com.qa.mypom.test.LoginPageTest@557eb543]" started-at="2022-09-29T03:58:07Z" name="setup" finished-at="2022-09-29T03:58:17Z" duration-ms="9276" status="PASS">
          <reporter-output>
          </reporter-output>
        </test-method> <!-- setup -->
        <test-method signature="forgotPwdLinkExist()[pri:0, instance:com.qa.mypom.test.LoginPageTest@557eb543]" started-at="2022-09-29T03:58:17Z" name="forgotPwdLinkExist" finished-at="2022-09-29T03:58:17Z" duration-ms="88" status="PASS">
          <reporter-output>
          </reporter-output>
        </test-method> <!-- forgotPwdLinkExist -->
        <test-method signature="loginPageTitleTest()[pri:0, instance:com.qa.mypom.test.LoginPageTest@557eb543]" started-at="2022-09-29T03:58:17Z" name="loginPageTitleTest" finished-at="2022-09-29T03:58:17Z" duration-ms="34" status="PASS">
          <reporter-output>
          </reporter-output>
        </test-method> <!-- loginPageTitleTest -->
        <test-method signature="loginPageUrlTest()[pri:0, instance:com.qa.mypom.test.LoginPageTest@557eb543]" started-at="2022-09-29T03:58:17Z" name="loginPageUrlTest" finished-at="2022-09-29T03:58:17Z" duration-ms="20" status="PASS">
          <reporter-output>
          </reporter-output>
        </test-method> <!-- loginPageUrlTest -->
        <test-method signature="loginTest()[pri:0, instance:com.qa.mypom.test.LoginPageTest@557eb543]" started-at="2022-09-29T03:58:17Z" name="loginTest" finished-at="2022-09-29T03:58:18Z" duration-ms="957" status="PASS">
          <reporter-output>
          </reporter-output>
        </test-method> <!-- loginTest -->
        <test-method is-config="true" signature="tearDown()[pri:0, instance:com.qa.mypom.test.LoginPageTest@557eb543]" started-at="2022-09-29T03:58:18Z" name="tearDown" finished-at="2022-09-29T03:58:18Z" duration-ms="390" status="PASS">
          <reporter-output>
          </reporter-output>
        </test-method> <!-- tearDown -->
      </class> <!-- com.qa.mypom.test.LoginPageTest -->
    </test> <!-- Login Page Test -->
    <test started-at="2022-09-29T03:58:07Z" name="Accounts Page Test" finished-at="2022-09-29T03:58:19Z" duration-ms="11204">
      <class name="com.qa.mypom.test.AccountsPageTest">
        <test-method is-config="true" signature="setup()[pri:0, instance:com.qa.mypom.test.AccountsPageTest@118102ee]" started-at="2022-09-29T03:58:07Z" name="setup" finished-at="2022-09-29T03:58:17Z" duration-ms="9614" status="PASS">
          <reporter-output>
          </reporter-output>
        </test-method> <!-- setup -->
        <test-method is-config="true" signature="accSetup()[pri:0, instance:com.qa.mypom.test.AccountsPageTest@118102ee]" started-at="2022-09-29T03:58:17Z" name="accSetup" finished-at="2022-09-29T03:58:18Z" duration-ms="961" status="PASS">
          <reporter-output>
          </reporter-output>
        </test-method> <!-- accSetup -->
        <test-method signature="accHeadersTest()[pri:0, instance:com.qa.mypom.test.AccountsPageTest@118102ee]" started-at="2022-09-29T03:58:18Z" name="accHeadersTest" finished-at="2022-09-29T03:58:18Z" duration-ms="190" status="PASS">
          <reporter-output>
          </reporter-output>
        </test-method> <!-- accHeadersTest -->
        <test-method signature="accPageTitleTest()[pri:0, instance:com.qa.mypom.test.AccountsPageTest@118102ee]" started-at="2022-09-29T03:58:18Z" name="accPageTitleTest" finished-at="2022-09-29T03:58:18Z" duration-ms="14" status="PASS">
          <reporter-output>
          </reporter-output>
        </test-method> <!-- accPageTitleTest -->
        <test-method signature="isLogoutLinkExist()[pri:0, instance:com.qa.mypom.test.AccountsPageTest@118102ee]" started-at="2022-09-29T03:58:18Z" name="isLogoutLinkExist" finished-at="2022-09-29T03:58:18Z" duration-ms="65" status="PASS">
          <reporter-output>
          </reporter-output>
        </test-method> <!-- isLogoutLinkExist -->
        <test-method is-config="true" signature="tearDown()[pri:0, instance:com.qa.mypom.test.AccountsPageTest@118102ee]" started-at="2022-09-29T03:58:18Z" name="tearDown" finished-at="2022-09-29T03:58:19Z" duration-ms="327" status="PASS">
          <reporter-output>
          </reporter-output>
        </test-method> <!-- tearDown -->
      </class> <!-- com.qa.mypom.test.AccountsPageTest -->
    </test> <!-- Accounts Page Test -->
    <test started-at="2022-09-29T03:58:07Z" name="Product Search Page Test" finished-at="2022-09-29T03:58:32Z" duration-ms="24431">
      <class name="com.qa.mypom.test.ProductSearchPageTest">
        <test-method is-config="true" signature="setup()[pri:0, instance:com.qa.mypom.test.ProductSearchPageTest@162b3d47]" started-at="2022-09-29T03:58:07Z" name="setup" finished-at="2022-09-29T03:58:17Z" duration-ms="9276" status="PASS">
          <reporter-output>
          </reporter-output>
        </test-method> <!-- setup -->
        <test-method is-config="true" signature="productSearchSetup()[pri:0, instance:com.qa.mypom.test.ProductSearchPageTest@162b3d47]" started-at="2022-09-29T03:58:17Z" name="productSearchSetup" finished-at="2022-09-29T03:58:18Z" duration-ms="1005" status="PASS">
          <reporter-output>
          </reporter-output>
        </test-method> <!-- productSearchSetup -->
        <test-method signature="productDataTest()[pri:0, instance:com.qa.mypom.test.ProductSearchPageTest@162b3d47]" started-at="2022-09-29T03:58:18Z" name="productDataTest" finished-at="2022-09-29T03:58:20Z" duration-ms="2536" status="PASS">
          <reporter-output>
          </reporter-output>
        </test-method> <!-- productDataTest -->
        <test-method signature="productImagesCountTest(java.lang.String, java.lang.String, int)[pri:0, instance:com.qa.mypom.test.ProductSearchPageTest@162b3d47]" started-at="2022-09-29T03:58:20Z" name="productImagesCountTest" data-provider="getProductInfoData" finished-at="2022-09-29T03:58:22Z" duration-ms="1596" status="PASS">
          <params>
            <param index="0">
              <value>
                <![CDATA[Macbook]]>
              </value>
            </param>
            <param index="1">
              <value>
                <![CDATA[MacBook Air]]>
              </value>
            </param>
            <param index="2">
              <value>
                <![CDATA[4]]>
              </value>
            </param>
          </params>
          <reporter-output>
          </reporter-output>
        </test-method> <!-- productImagesCountTest -->
        <test-method signature="productImagesCountTest(java.lang.String, java.lang.String, int)[pri:0, instance:com.qa.mypom.test.ProductSearchPageTest@162b3d47]" started-at="2022-09-29T03:58:22Z" name="productImagesCountTest" data-provider="getProductInfoData" finished-at="2022-09-29T03:58:23Z" duration-ms="1373" status="PASS">
          <params>
            <param index="0">
              <value>
                <![CDATA[Macbook]]>
              </value>
            </param>
            <param index="1">
              <value>
                <![CDATA[MacBook Pro]]>
              </value>
            </param>
            <param index="2">
              <value>
                <![CDATA[4]]>
              </value>
            </param>
          </params>
          <reporter-output>
          </reporter-output>
        </test-method> <!-- productImagesCountTest -->
        <test-method signature="productImagesCountTest(java.lang.String, java.lang.String, int)[pri:0, instance:com.qa.mypom.test.ProductSearchPageTest@162b3d47]" started-at="2022-09-29T03:58:23Z" name="productImagesCountTest" data-provider="getProductInfoData" finished-at="2022-09-29T03:58:25Z" duration-ms="1741" status="PASS">
          <params>
            <param index="0">
              <value>
                <![CDATA[Samsung]]>
              </value>
            </param>
            <param index="1">
              <value>
                <![CDATA[Samsung SyncMaster 941BW]]>
              </value>
            </param>
            <param index="2">
              <value>
                <![CDATA[1]]>
              </value>
            </param>
          </params>
          <reporter-output>
          </reporter-output>
        </test-method> <!-- productImagesCountTest -->
        <test-method signature="productImagesCountTest(java.lang.String, java.lang.String, int)[pri:0, instance:com.qa.mypom.test.ProductSearchPageTest@162b3d47]" started-at="2022-09-29T03:58:25Z" name="productImagesCountTest" data-provider="getProductInfoData" finished-at="2022-09-29T03:58:27Z" duration-ms="1913" status="PASS">
          <params>
            <param index="0">
              <value>
                <![CDATA[iMac]]>
              </value>
            </param>
            <param index="1">
              <value>
                <![CDATA[iMac]]>
              </value>
            </param>
            <param index="2">
              <value>
                <![CDATA[3]]>
              </value>
            </param>
          </params>
          <reporter-output>
          </reporter-output>
        </test-method> <!-- productImagesCountTest -->
        <test-method signature="productSearchTest(java.lang.String, java.lang.String)[pri:0, instance:com.qa.mypom.test.ProductSearchPageTest@162b3d47]" started-at="2022-09-29T03:58:27Z" name="productSearchTest" data-provider="getSearchData" finished-at="2022-09-29T03:58:29Z" duration-ms="1833" status="PASS">
          <params>
            <param index="0">
              <value>
                <![CDATA[Macbook]]>
              </value>
            </param>
            <param index="1">
              <value>
                <![CDATA[MacBook Air]]>
              </value>
            </param>
          </params>
          <reporter-output>
          </reporter-output>
        </test-method> <!-- productSearchTest -->
        <test-method signature="productSearchTest(java.lang.String, java.lang.String)[pri:0, instance:com.qa.mypom.test.ProductSearchPageTest@162b3d47]" started-at="2022-09-29T03:58:29Z" name="productSearchTest" data-provider="getSearchData" finished-at="2022-09-29T03:58:30Z" duration-ms="1465" status="PASS">
          <params>
            <param index="0">
              <value>
                <![CDATA[Macbook]]>
              </value>
            </param>
            <param index="1">
              <value>
                <![CDATA[MacBook Pro]]>
              </value>
            </param>
          </params>
          <reporter-output>
          </reporter-output>
        </test-method> <!-- productSearchTest -->
        <test-method signature="productSearchTest(java.lang.String, java.lang.String)[pri:0, instance:com.qa.mypom.test.ProductSearchPageTest@162b3d47]" started-at="2022-09-29T03:58:30Z" name="productSearchTest" data-provider="getSearchData" finished-at="2022-09-29T03:58:31Z" duration-ms="1222" status="PASS">
          <params>
            <param index="0">
              <value>
                <![CDATA[Samsung]]>
              </value>
            </param>
            <param index="1">
              <value>
                <![CDATA[Samsung SyncMaster 941BW]]>
              </value>
            </param>
          </params>
          <reporter-output>
          </reporter-output>
        </test-method> <!-- productSearchTest -->
        <test-method is-config="true" signature="tearDown()[pri:0, instance:com.qa.mypom.test.ProductSearchPageTest@162b3d47]" started-at="2022-09-29T03:58:31Z" name="tearDown" finished-at="2022-09-29T03:58:32Z" duration-ms="394" status="PASS">
          <reporter-output>
          </reporter-output>
        </test-method> <!-- tearDown -->
      </class> <!-- com.qa.mypom.test.ProductSearchPageTest -->
    </test> <!-- Product Search Page Test -->
  </suite> <!--  My Pom Test Regression Suite -->
</testng-results>
