<?xml version="1.0" encoding="UTF-8"?>
<!-- Generated by org.testng.reporters.JUnitXMLReporter -->
<testsuite ignored="0" hostname="Hasan" failures="0" tests="3" name="Accounts Page Test" time="11.204" errors="0" timestamp="29 Sep 2022 03:58:19 GMT">
  <testcase classname="com.qa.mypom.test.AccountsPageTest" name="accHeadersTest" time="0.19"/>
  <testcase classname="com.qa.mypom.test.AccountsPageTest" name="accPageTitleTest" time="0.014"/>
  <testcase classname="com.qa.mypom.test.AccountsPageTest" name="isLogoutLinkExist" time="0.065"/>
</testsuite> <!-- Accounts Page Test -->
