<?xml version="1.0" encoding="UTF-8"?>
<!-- Generated by org.testng.reporters.JUnitXMLReporter -->
<testsuite ignored="0" hostname="Hasan" failures="0" tests="4" name="Login Page Test" time="10.928" errors="0" timestamp="29 Sep 2022 03:58:18 GMT">
  <testcase classname="com.qa.mypom.test.LoginPageTest" name="forgotPwdLinkExist" time="0.088"/>
  <testcase classname="com.qa.mypom.test.LoginPageTest" name="loginPageTitleTest" time="0.034"/>
  <testcase classname="com.qa.mypom.test.LoginPageTest" name="loginPageUrlTest" time="0.02"/>
  <testcase classname="com.qa.mypom.test.LoginPageTest" name="loginTest" time="0.957"/>
</testsuite> <!-- Login Page Test -->
