<?xml version="1.0" encoding="UTF-8"?>
<!-- Generated by org.testng.reporters.JUnitXMLReporter -->
<testsuite ignored="0" hostname="Hasan" failures="0" tests="8" name="Product Search Page Test" time="24.431" errors="0" timestamp="29 Sep 2022 03:58:32 GMT">
  <testcase classname="com.qa.mypom.test.ProductSearchPageTest" name="productDataTest" time="2.536"/>
  <testcase classname="com.qa.mypom.test.ProductSearchPageTest" name="productImagesCountTest" time="1.596"/>
  <testcase classname="com.qa.mypom.test.ProductSearchPageTest" name="productImagesCountTest" time="1.373"/>
  <testcase classname="com.qa.mypom.test.ProductSearchPageTest" name="productImagesCountTest" time="1.741"/>
  <testcase classname="com.qa.mypom.test.ProductSearchPageTest" name="productImagesCountTest" time="1.913"/>
  <testcase classname="com.qa.mypom.test.ProductSearchPageTest" name="productSearchTest" time="1.833"/>
  <testcase classname="com.qa.mypom.test.ProductSearchPageTest" name="productSearchTest" time="1.465"/>
  <testcase classname="com.qa.mypom.test.ProductSearchPageTest" name="productSearchTest" time="1.222"/>
</testsuite> <!-- Product Search Page Test -->
